18-05-2025 17:04:17	This log contains information about the import schema operation into project 'DemoDBProject' on computer 'SHAILENDRA' by user 'prosh'.
18-05-2025 17:04:18	Import of database schema has started.
18-05-2025 17:04:26	Gathering database credentials
18-05-2025 17:04:26	Gathering database options
18-05-2025 17:04:26	Gathering generic database scoped configuration option
18-05-2025 17:04:26	Gathering users
18-05-2025 17:04:26	Gathering roles
18-05-2025 17:04:26	Gathering application roles
18-05-2025 17:04:26	Gathering role memberships
18-05-2025 17:04:26	Gathering filegroups
18-05-2025 17:04:26	Gathering full-text catalogs
18-05-2025 17:04:26	Gathering assemblies
18-05-2025 17:04:26	Gathering certificates
18-05-2025 17:04:26	Gathering asymmetric keys
18-05-2025 17:04:26	Gathering symmetric keys
18-05-2025 17:04:26	Gathering encrypted symmetric keys
18-05-2025 17:04:26	Gathering schemas
18-05-2025 17:04:26	Gathering XML schema collections
18-05-2025 17:04:26	Gathering user-defined data types
18-05-2025 17:04:26	Gathering user-defined types
18-05-2025 17:04:26	Gathering table types
18-05-2025 17:04:26	Gathering unique keys for table types
18-05-2025 17:04:26	Gathering primary keys for table types
18-05-2025 17:04:27	Gathering indexes for table types
18-05-2025 17:04:27	Gathering check constraints for table types
18-05-2025 17:04:27	Gathering default constraints for table types
18-05-2025 17:04:27	Gathering partition functions
18-05-2025 17:04:27	Gathering partition schemes
18-05-2025 17:04:27	Gathering functions
18-05-2025 17:04:27	Gathering encrypted functions
18-05-2025 17:04:27	Gathering aggregates
18-05-2025 17:04:27	Gathering procedures
18-05-2025 17:04:27	Gathering encrypted procedures
18-05-2025 17:04:27	Gathering tables
18-05-2025 17:04:27	Gathering primary keys
18-05-2025 17:04:27	Gathering unique constraints
18-05-2025 17:04:27	Gathering foreign keys
18-05-2025 17:04:27	Gathering default constraints
18-05-2025 17:04:27	Gathering check constraints
18-05-2025 17:04:27	Gathering views
18-05-2025 17:04:27	Gathering encrypted views
18-05-2025 17:04:27	Gathering indexes
18-05-2025 17:04:27	Gathering statistics
18-05-2025 17:04:27	Gathering full-text index stoplists
18-05-2025 17:04:27	Gathering search property lists
18-05-2025 17:04:27	Gathering search properties
18-05-2025 17:04:27	Gathering full-text indexes
18-05-2025 17:04:27	Gathering column store indexes
18-05-2025 17:04:27	Gathering spatial indexes
18-05-2025 17:04:27	Gathering XML indexes
18-05-2025 17:04:28	Gathering Selective XML indexes
18-05-2025 17:04:28	Gathering encrypted triggers
18-05-2025 17:04:28	Gathering triggers
18-05-2025 17:04:28	Gathering encrypted and clr ddl triggers
18-05-2025 17:04:28	Gathering ddl triggers
18-05-2025 17:04:28	Creating edge constraints
18-05-2025 17:04:28	Gathering synonyms
18-05-2025 17:04:28	Gathering defaults
18-05-2025 17:04:28	Gathering data constraint uddt bindings
18-05-2025 17:04:28	Gathering rules
18-05-2025 17:04:28	Gathering data constraint uddt bindings
18-05-2025 17:04:28	Gathering message types
18-05-2025 17:04:28	Gathering queues
18-05-2025 17:04:28	Gathering contracts
18-05-2025 17:04:28	Gathering services
18-05-2025 17:04:28	Gathering event notifications
18-05-2025 17:04:28	Gathering remote service bindings
18-05-2025 17:04:28	Gathering broker priorities
18-05-2025 17:04:28	Gathering signatures
18-05-2025 17:04:28	Gathering compression options
18-05-2025 17:04:28	Gathering sequence types
18-05-2025 17:04:28	Gathering security policies
18-05-2025 17:04:28	Gather column encryption keys
18-05-2025 17:04:28	Gathering column master keys
18-05-2025 17:04:28	Gathering external data sources
18-05-2025 17:04:28	Gathering external file formats
18-05-2025 17:04:28	Gathering external tables
18-05-2025 17:04:28	Gathering XML index compression options
18-05-2025 17:04:28	Gathering extended properties
18-05-2025 17:04:28	Gathering assemblies
18-05-2025 17:04:28	Gathering credentials
18-05-2025 17:04:28	Gathering logins
18-05-2025 17:04:28	Gathering server audits
18-05-2025 17:04:29	Scanning project for duplicate elements
18-05-2025 17:04:30	Finished duplicate element processing
18-05-2025 17:04:31	Finished importing database.
18-05-2025 17:04:31	A summary of the import was saved to the following location: C:\DevOps\WebApp11May\DemoDBProject\Import Schema Logs\DemoDBProject_20250518113417.log
18-05-2025 17:04:31	Click Finish to continue...
